{"synthetic": false,
 "schemaVersion": "2025-09-10",
 "outputs": null,
 "log":
 [{"message":
   ".> ELAN=elan ELAN_HOME=/Users/alex/.elan ELAN_TOOLCHAIN=leanprover/lean4:v4.25.0-rc2 LAKE=/Users/alex/.elan/toolchains/leanprover--lean4---v4.25.0-rc2/bin/lake LAKE_HOME=/Users/alex/.elan/toolchains/leanprover--lean4---v4.25.0-rc2 LAKE_PKG_URL_MAP={} LAKE_NO_CACHE=false LAKE_ARTIFACT_CACHE=false LAKE_CACHE_KEY= LAKE_CACHE_ARTIFACT_ENDPOINT= LAKE_CACHE_REVISION_ENDPOINT= LEAN=/Users/alex/.elan/toolchains/leanprover--lean4---v4.25.0-rc2/bin/lean LEAN_SYSROOT=/Users/alex/.elan/toolchains/leanprover--lean4---v4.25.0-rc2 LEAN_AR=/Users/alex/.elan/toolchains/leanprover--lean4---v4.25.0-rc2/bin/llvm-ar LEAN_CC= LAKE_CACHE_DIR=/Users/alex/.elan/toolchains/leanprover--lean4---v4.25.0-rc2/lake/cache LEAN_PATH=/Users/alex/GitHub/Lean-QuantumInfo/.lake/packages/batteries/.lake/build/lib/lean:/Users/alex/GitHub/Lean-QuantumInfo/.lake/packages/Qq/.lake/build/lib/lean:/Users/alex/GitHub/Lean-QuantumInfo/.lake/packages/aesop/.lake/build/lib/lean:/Users/alex/GitHub/Lean-QuantumInfo/.lake/packages/proofwidgets/.lake/build/lib/lean:/Users/alex/GitHub/Lean-QuantumInfo/.lake/packages/importGraph/.lake/build/lib/lean:/Users/alex/GitHub/Lean-QuantumInfo/.lake/packages/LeanSearchClient/.lake/build/lib/lean:/Users/alex/GitHub/Lean-QuantumInfo/.lake/packages/plausible/.lake/build/lib/lean:/Users/alex/GitHub/Lean-QuantumInfo/.lake/packages/MD4Lean/.lake/build/lib/lean:/Users/alex/GitHub/Lean-QuantumInfo/.lake/packages/BibtexQuery/.lake/build/lib/lean:/Users/alex/GitHub/Lean-QuantumInfo/.lake/packages/UnicodeBasic/.lake/build/lib/lean:/Users/alex/GitHub/Lean-QuantumInfo/.lake/packages/Cli/.lake/build/lib/lean:/Users/alex/GitHub/Lean-QuantumInfo/.lake/packages/mathlib/.lake/build/lib/lean:/Users/alex/GitHub/Lean-QuantumInfo/.lake/packages/doc-gen4/.lake/build/lib/lean:/Users/alex/GitHub/Lean-QuantumInfo/.lake/build/lib/lean:/Users/alex/.elan/toolchains/leanprover--lean4---v4.25.0-rc2/lib/lean LEAN_SRC_PATH=/Users/alex/GitHub/Lean-QuantumInfo/.lake/packages/batteries:/Users/alex/GitHub/Lean-QuantumInfo/.lake/packages/batteries:/Users/alex/GitHub/Lean-QuantumInfo/.lake/packages/Qq:/Users/alex/GitHub/Lean-QuantumInfo/.lake/packages/Qq:/Users/alex/GitHub/Lean-QuantumInfo/.lake/packages/aesop:/Users/alex/GitHub/Lean-QuantumInfo/.lake/packages/aesop:/Users/alex/GitHub/Lean-QuantumInfo/.lake/packages/proofwidgets:/Users/alex/GitHub/Lean-QuantumInfo/.lake/packages/proofwidgets:/Users/alex/GitHub/Lean-QuantumInfo/.lake/packages/importGraph:/Users/alex/GitHub/Lean-QuantumInfo/.lake/packages/importGraph:/Users/alex/GitHub/Lean-QuantumInfo/.lake/packages/LeanSearchClient:/Users/alex/GitHub/Lean-QuantumInfo/.lake/packages/LeanSearchClient:/Users/alex/GitHub/Lean-QuantumInfo/.lake/packages/plausible:/Users/alex/GitHub/Lean-QuantumInfo/.lake/packages/plausible:/Users/alex/GitHub/Lean-QuantumInfo/.lake/packages/MD4Lean:/Users/alex/GitHub/Lean-QuantumInfo/.lake/packages/MD4Lean:/Users/alex/GitHub/Lean-QuantumInfo/.lake/packages/BibtexQuery:/Users/alex/GitHub/Lean-QuantumInfo/.lake/packages/UnicodeBasic:/Users/alex/GitHub/Lean-QuantumInfo/.lake/packages/UnicodeBasic:/Users/alex/GitHub/Lean-QuantumInfo/.lake/packages/Cli:/Users/alex/GitHub/Lean-QuantumInfo/.lake/packages/Cli:/Users/alex/GitHub/Lean-QuantumInfo/.lake/packages/mathlib:/Users/alex/GitHub/Lean-QuantumInfo/.lake/packages/mathlib:/Users/alex/GitHub/Lean-QuantumInfo/.lake/packages/mathlib:/Users/alex/GitHub/Lean-QuantumInfo/.lake/packages/mathlib:/Users/alex/GitHub/Lean-QuantumInfo/.lake/packages/mathlib:/Users/alex/GitHub/Lean-QuantumInfo/.lake/packages/mathlib:/Users/alex/GitHub/Lean-QuantumInfo/.lake/packages/mathlib:/Users/alex/GitHub/Lean-QuantumInfo/.lake/packages/doc-gen4:/Users/alex/GitHub/Lean-QuantumInfo:/Users/alex/GitHub/Lean-QuantumInfo:/Users/alex/GitHub/Lean-QuantumInfo:/Users/alex/.elan/toolchains/leanprover--lean4---v4.25.0-rc2/src/lean/lake LEAN_GITHASH=744f98064b056ee27fc8c97f524797c8cc96f436 PATH DYLD_LIBRARY_PATH=/Users/alex/.elan/toolchains/leanprover--lean4---v4.25.0-rc2/lib/lean:/Users/alex/.elan/toolchains/leanprover--lean4---v4.25.0-rc2/lib:/Users/alex/GitHub/Lean-QuantumInfo/.lake/build/lib:/Users/alex/GitHub/Lean-QuantumInfo/.lake/packages/doc-gen4/.lake/build/lib:/Users/alex/GitHub/Lean-QuantumInfo/.lake/packages/mathlib/.lake/build/lib:/Users/alex/GitHub/Lean-QuantumInfo/.lake/packages/Cli/.lake/build/lib:/Users/alex/GitHub/Lean-QuantumInfo/.lake/packages/UnicodeBasic/.lake/build/lib:/Users/alex/GitHub/Lean-QuantumInfo/.lake/packages/BibtexQuery/.lake/build/lib:/Users/alex/GitHub/Lean-QuantumInfo/.lake/packages/MD4Lean/.lake/build/lib:/Users/alex/GitHub/Lean-QuantumInfo/.lake/packages/plausible/.lake/build/lib:/Users/alex/GitHub/Lean-QuantumInfo/.lake/packages/LeanSearchClient/.lake/build/lib:/Users/alex/GitHub/Lean-QuantumInfo/.lake/packages/importGraph/.lake/build/lib:/Users/alex/GitHub/Lean-QuantumInfo/.lake/packages/proofwidgets/.lake/build/lib:/Users/alex/GitHub/Lean-QuantumInfo/.lake/packages/aesop/.lake/build/lib:/Users/alex/GitHub/Lean-QuantumInfo/.lake/packages/Qq/.lake/build/lib:/Users/alex/GitHub/Lean-QuantumInfo/.lake/packages/batteries/.lake/build/lib /Users/alex/GitHub/Lean-QuantumInfo/.lake/packages/doc-gen4/.lake/build/bin/doc-gen4 single --build /Users/alex/GitHub/Lean-QuantumInfo/.lake/build Batteries https://github.com/leanprover-community/batteries/blob/c44068fa1b40041e6df42bd67639b690eb2764ca/Batteries.lean",
   "level": "trace"}],
 "inputs":
 [["<collection>",
   [["/Users/alex/GitHub/Lean-QuantumInfo/.lake/build/doc/Batteries/Classes/Cast.html",
     "aba6efd54e1fd0f6"],
    ["/Users/alex/GitHub/Lean-QuantumInfo/.lake/build/doc/Batteries/Classes/Deprecated.html",
     "5a1f20b4f228a5d4"],
    ["/Users/alex/GitHub/Lean-QuantumInfo/.lake/build/doc/Batteries/Classes/Order.html",
     "9b0cdbfa615fc294"],
    ["/Users/alex/GitHub/Lean-QuantumInfo/.lake/build/doc/Batteries/Classes/RatCast.html",
     "5f3b6ac73c205946"],
    ["/Users/alex/GitHub/Lean-QuantumInfo/.lake/build/doc/Batteries/Classes/SatisfiesM.html",
     "6dbee58baae204c3"],
    ["/Users/alex/GitHub/Lean-QuantumInfo/.lake/build/doc/Batteries/CodeAction.html",
     "d564776118465634"],
    ["/Users/alex/GitHub/Lean-QuantumInfo/.lake/build/doc/Batteries/CodeAction/Attr.html",
     "3d63c97a7189ad0a"],
    ["/Users/alex/GitHub/Lean-QuantumInfo/.lake/build/doc/Batteries/CodeAction/Basic.html",
     "767027bf7228b928"],
    ["/Users/alex/GitHub/Lean-QuantumInfo/.lake/build/doc/Batteries/CodeAction/Deprecated.html",
     "5ad1ea89bca86147"],
    ["/Users/alex/GitHub/Lean-QuantumInfo/.lake/build/doc/Batteries/CodeAction/Match.html",
     "35dac24b2090c6ce"],
    ["/Users/alex/GitHub/Lean-QuantumInfo/.lake/build/doc/Batteries/CodeAction/Misc.html",
     "0f9a1fb9a9e2c2b8"],
    ["/Users/alex/GitHub/Lean-QuantumInfo/.lake/build/doc/Batteries/Control/AlternativeMonad.html",
     "7ad406ea4bd1f403"],
    ["/Users/alex/GitHub/Lean-QuantumInfo/.lake/build/doc/Batteries/Control/ForInStep.html",
     "ed5ab2ebb40fa68b"],
    ["/Users/alex/GitHub/Lean-QuantumInfo/.lake/build/doc/Batteries/Control/ForInStep/Basic.html",
     "84b97390fa9203e6"],
    ["/Users/alex/GitHub/Lean-QuantumInfo/.lake/build/doc/Batteries/Control/ForInStep/Lemmas.html",
     "e7b49a6694c89610"],
    ["/Users/alex/GitHub/Lean-QuantumInfo/.lake/build/doc/Batteries/Control/LawfulMonadState.html",
     "11e59fd31368c87e"],
    ["/Users/alex/GitHub/Lean-QuantumInfo/.lake/build/doc/Batteries/Control/Lemmas.html",
     "647cbe1a2be349fc"],
    ["/Users/alex/GitHub/Lean-QuantumInfo/.lake/build/doc/Batteries/Control/Monad.html",
     "91ae7d455972c0a1"],
    ["/Users/alex/GitHub/Lean-QuantumInfo/.lake/build/doc/Batteries/Control/Nondet/Basic.html",
     "41cafc71df16eaad"],
    ["/Users/alex/GitHub/Lean-QuantumInfo/.lake/build/doc/Batteries/Control/OptionT.html",
     "13f8d35ac1aa5622"],
    ["/Users/alex/GitHub/Lean-QuantumInfo/.lake/build/doc/Batteries/Data/Array.html",
     "2927b3150f5712c4"],
    ["/Users/alex/GitHub/Lean-QuantumInfo/.lake/build/doc/Batteries/Data/AssocList.html",
     "b5860789c7fa582d"],
    ["/Users/alex/GitHub/Lean-QuantumInfo/.lake/build/doc/Batteries/Data/BinaryHeap.html",
     "ffef00f1765b59d8"],
    ["/Users/alex/GitHub/Lean-QuantumInfo/.lake/build/doc/Batteries/Data/BinomialHeap.html",
     "4a20d56f910609ff"],
    ["/Users/alex/GitHub/Lean-QuantumInfo/.lake/build/doc/Batteries/Data/BitVec.html",
     "b0f2691ef2c2104d"],
    ["/Users/alex/GitHub/Lean-QuantumInfo/.lake/build/doc/Batteries/Data/ByteArray.html",
     "9da3892c422d9fbc"],
    ["/Users/alex/GitHub/Lean-QuantumInfo/.lake/build/doc/Batteries/Data/ByteSlice.html",
     "584a5c2615cdbe85"],
    ["/Users/alex/GitHub/Lean-QuantumInfo/.lake/build/doc/Batteries/Data/Char.html",
     "01568d4f4ddc8adf"],
    ["/Users/alex/GitHub/Lean-QuantumInfo/.lake/build/doc/Batteries/Data/DList.html",
     "1005855d8ec0fe93"],
    ["/Users/alex/GitHub/Lean-QuantumInfo/.lake/build/doc/Batteries/Data/Fin.html",
     "e3eff0e1a2410831"],
    ["/Users/alex/GitHub/Lean-QuantumInfo/.lake/build/doc/Batteries/Data/FloatArray.html",
     "b2bb25995766205f"],
    ["/Users/alex/GitHub/Lean-QuantumInfo/.lake/build/doc/Batteries/Data/HashMap.html",
     "26347734b6787054"],
    ["/Users/alex/GitHub/Lean-QuantumInfo/.lake/build/doc/Batteries/Data/Int.html",
     "c96b93a3221c8474"],
    ["/Users/alex/GitHub/Lean-QuantumInfo/.lake/build/doc/Batteries/Data/List.html",
     "27658ad2aaa6c4ff"],
    ["/Users/alex/GitHub/Lean-QuantumInfo/.lake/build/doc/Batteries/Data/MLList.html",
     "db194c7df55bd446"],
    ["/Users/alex/GitHub/Lean-QuantumInfo/.lake/build/doc/Batteries/Data/NameSet.html",
     "0585d8bf4152ed9d"],
    ["/Users/alex/GitHub/Lean-QuantumInfo/.lake/build/doc/Batteries/Data/Nat.html",
     "8ba4cc108adabe62"],
    ["/Users/alex/GitHub/Lean-QuantumInfo/.lake/build/doc/Batteries/Data/PairingHeap.html",
     "cac0d8e021f71465"],
    ["/Users/alex/GitHub/Lean-QuantumInfo/.lake/build/doc/Batteries/Data/RBMap.html",
     "36e3655c1cc22510"],
    ["/Users/alex/GitHub/Lean-QuantumInfo/.lake/build/doc/Batteries/Data/Random.html",
     "1db6c1529ee1a108"],
    ["/Users/alex/GitHub/Lean-QuantumInfo/.lake/build/doc/Batteries/Data/Range.html",
     "af57e108d33bdcae"],
    ["/Users/alex/GitHub/Lean-QuantumInfo/.lake/build/doc/Batteries/Data/Rat.html",
     "1ec63f2adf22aa56"],
    ["/Users/alex/GitHub/Lean-QuantumInfo/.lake/build/doc/Batteries/Data/Stream.html",
     "e8fe6cef853e6ee0"],
    ["/Users/alex/GitHub/Lean-QuantumInfo/.lake/build/doc/Batteries/Data/String.html",
     "ac560890bab12580"],
    ["/Users/alex/GitHub/Lean-QuantumInfo/.lake/build/doc/Batteries/Data/UInt.html",
     "354a2c00c54c8e45"],
    ["/Users/alex/GitHub/Lean-QuantumInfo/.lake/build/doc/Batteries/Data/UnionFind.html",
     "02065ae27a8107ee"],
    ["/Users/alex/GitHub/Lean-QuantumInfo/.lake/build/doc/Batteries/Data/Vector.html",
     "83b2fb0d9f83d862"],
    ["/Users/alex/GitHub/Lean-QuantumInfo/.lake/build/doc/Batteries/Lean/AttributeExtra.html",
     "d338e4cc0ba34fb6"],
    ["/Users/alex/GitHub/Lean-QuantumInfo/.lake/build/doc/Batteries/Lean/EStateM.html",
     "b8e6effbd9ed0149"],
    ["/Users/alex/GitHub/Lean-QuantumInfo/.lake/build/doc/Batteries/Lean/Except.html",
     "fe26793062240dff"],
    ["/Users/alex/GitHub/Lean-QuantumInfo/.lake/build/doc/Batteries/Lean/Expr.html",
     "a7ea3807af99b076"],
    ["/Users/alex/GitHub/Lean-QuantumInfo/.lake/build/doc/Batteries/Lean/Float.html",
     "4759438daf459cd0"],
    ["/Users/alex/GitHub/Lean-QuantumInfo/.lake/build/doc/Batteries/Lean/HashMap.html",
     "d93bd1bb1ac33840"],
    ["/Users/alex/GitHub/Lean-QuantumInfo/.lake/build/doc/Batteries/Lean/HashSet.html",
     "cddc8daefc7694ea"],
    ["/Users/alex/GitHub/Lean-QuantumInfo/.lake/build/doc/Batteries/Lean/IO/Process.html",
     "778e918e0baf7783"],
    ["/Users/alex/GitHub/Lean-QuantumInfo/.lake/build/doc/Batteries/Lean/Json.html",
     "16a2af848a9893c5"],
    ["/Users/alex/GitHub/Lean-QuantumInfo/.lake/build/doc/Batteries/Lean/LawfulMonad.html",
     "8dd0167aca71cb69"],
    ["/Users/alex/GitHub/Lean-QuantumInfo/.lake/build/doc/Batteries/Lean/LawfulMonadLift.html",
     "4596aacde6d1e5d9"],
    ["/Users/alex/GitHub/Lean-QuantumInfo/.lake/build/doc/Batteries/Lean/Meta/Basic.html",
     "3daa0ae401794a39"],
    ["/Users/alex/GitHub/Lean-QuantumInfo/.lake/build/doc/Batteries/Lean/Meta/DiscrTree.html",
     "0780fed03004c370"],
    ["/Users/alex/GitHub/Lean-QuantumInfo/.lake/build/doc/Batteries/Lean/Meta/Expr.html",
     "69215215720bde47"],
    ["/Users/alex/GitHub/Lean-QuantumInfo/.lake/build/doc/Batteries/Lean/Meta/Inaccessible.html",
     "346a4ebc5e0d620c"],
    ["/Users/alex/GitHub/Lean-QuantumInfo/.lake/build/doc/Batteries/Lean/Meta/InstantiateMVars.html",
     "58c54c27d82f9c10"],
    ["/Users/alex/GitHub/Lean-QuantumInfo/.lake/build/doc/Batteries/Lean/Meta/SavedState.html",
     "76607661c03121aa"],
    ["/Users/alex/GitHub/Lean-QuantumInfo/.lake/build/doc/Batteries/Lean/Meta/Simp.html",
     "b1fc0a6cf5b0539e"],
    ["/Users/alex/GitHub/Lean-QuantumInfo/.lake/build/doc/Batteries/Lean/Meta/UnusedNames.html",
     "865a8ec98a939639"],
    ["/Users/alex/GitHub/Lean-QuantumInfo/.lake/build/doc/Batteries/Lean/MonadBacktrack.html",
     "147020b54ab82d0b"],
    ["/Users/alex/GitHub/Lean-QuantumInfo/.lake/build/doc/Batteries/Lean/NameMapAttribute.html",
     "07c16bde38fbf1b2"],
    ["/Users/alex/GitHub/Lean-QuantumInfo/.lake/build/doc/Batteries/Lean/PersistentHashMap.html",
     "e9d43e9d6ffa607f"],
    ["/Users/alex/GitHub/Lean-QuantumInfo/.lake/build/doc/Batteries/Lean/PersistentHashSet.html",
     "a421da962c3339b6"],
    ["/Users/alex/GitHub/Lean-QuantumInfo/.lake/build/doc/Batteries/Lean/Position.html",
     "44ccfdcb034cc755"],
    ["/Users/alex/GitHub/Lean-QuantumInfo/.lake/build/doc/Batteries/Lean/SatisfiesM.html",
     "d6d5e23b8e6a6b60"],
    ["/Users/alex/GitHub/Lean-QuantumInfo/.lake/build/doc/Batteries/Lean/Syntax.html",
     "aaf6edf6124997be"],
    ["/Users/alex/GitHub/Lean-QuantumInfo/.lake/build/doc/Batteries/Lean/System/IO.html",
     "7925fe20da218ec2"],
    ["/Users/alex/GitHub/Lean-QuantumInfo/.lake/build/doc/Batteries/Lean/TagAttribute.html",
     "182bf66445c7c9c2"],
    ["/Users/alex/GitHub/Lean-QuantumInfo/.lake/build/doc/Batteries/Lean/Util/EnvSearch.html",
     "ce2a5d173da32124"],
    ["/Users/alex/GitHub/Lean-QuantumInfo/.lake/build/doc/Batteries/Linter.html",
     "6cd979bf7dbe8790"],
    ["/Users/alex/GitHub/Lean-QuantumInfo/.lake/build/doc/Batteries/Linter/UnnecessarySeqFocus.html",
     "2101aff83d15b130"],
    ["/Users/alex/GitHub/Lean-QuantumInfo/.lake/build/doc/Batteries/Linter/UnreachableTactic.html",
     "57f7f0fb1ccec6f0"],
    ["/Users/alex/GitHub/Lean-QuantumInfo/.lake/build/doc/Batteries/Logic.html",
     "d43cf74ef63890aa"],
    ["/Users/alex/GitHub/Lean-QuantumInfo/.lake/build/doc/Batteries/Tactic/Alias.html",
     "803d19cc9cf8060f"],
    ["/Users/alex/GitHub/Lean-QuantumInfo/.lake/build/doc/Batteries/Tactic/Basic.html",
     "12bcfc5eba3fa1c8"],
    ["/Users/alex/GitHub/Lean-QuantumInfo/.lake/build/doc/Batteries/Tactic/Case.html",
     "b42d362b2ceb7714"],
    ["/Users/alex/GitHub/Lean-QuantumInfo/.lake/build/doc/Batteries/Tactic/Congr.html",
     "b2dc248e0b65fc8d"],
    ["/Users/alex/GitHub/Lean-QuantumInfo/.lake/build/doc/Batteries/Tactic/Exact.html",
     "af792b5a842f74b1"],
    ["/Users/alex/GitHub/Lean-QuantumInfo/.lake/build/doc/Batteries/Tactic/HelpCmd.html",
     "f2d6b94e4de14b49"],
    ["/Users/alex/GitHub/Lean-QuantumInfo/.lake/build/doc/Batteries/Tactic/Init.html",
     "ae29e58d5cf71e59"],
    ["/Users/alex/GitHub/Lean-QuantumInfo/.lake/build/doc/Batteries/Tactic/Instances.html",
     "0389697243db25d9"],
    ["/Users/alex/GitHub/Lean-QuantumInfo/.lake/build/doc/Batteries/Tactic/Lemma.html",
     "7295258ec24718f0"],
    ["/Users/alex/GitHub/Lean-QuantumInfo/.lake/build/doc/Batteries/Tactic/Lint.html",
     "b3e7bf729d5c0879"],
    ["/Users/alex/GitHub/Lean-QuantumInfo/.lake/build/doc/Batteries/Tactic/Lint/Basic.html",
     "155c67d472d72920"],
    ["/Users/alex/GitHub/Lean-QuantumInfo/.lake/build/doc/Batteries/Tactic/Lint/Frontend.html",
     "de61282722bac19c"],
    ["/Users/alex/GitHub/Lean-QuantumInfo/.lake/build/doc/Batteries/Tactic/Lint/Misc.html",
     "f1df2b4916c467f2"],
    ["/Users/alex/GitHub/Lean-QuantumInfo/.lake/build/doc/Batteries/Tactic/Lint/Simp.html",
     "aba2067d5cbe8d97"],
    ["/Users/alex/GitHub/Lean-QuantumInfo/.lake/build/doc/Batteries/Tactic/Lint/TypeClass.html",
     "8d0b214bde9f6083"],
    ["/Users/alex/GitHub/Lean-QuantumInfo/.lake/build/doc/Batteries/Tactic/NoMatch.html",
     "ebd2c0dc28d3076e"],
    ["/Users/alex/GitHub/Lean-QuantumInfo/.lake/build/doc/Batteries/Tactic/OpenPrivate.html",
     "ba6b22b0c3c69529"],
    ["/Users/alex/GitHub/Lean-QuantumInfo/.lake/build/doc/Batteries/Tactic/PermuteGoals.html",
     "21278779506566cf"],
    ["/Users/alex/GitHub/Lean-QuantumInfo/.lake/build/doc/Batteries/Tactic/PrintDependents.html",
     "41ade061e74a5ba1"],
    ["/Users/alex/GitHub/Lean-QuantumInfo/.lake/build/doc/Batteries/Tactic/PrintOpaques.html",
     "18204f856f19c3de"],
    ["/Users/alex/GitHub/Lean-QuantumInfo/.lake/build/doc/Batteries/Tactic/PrintPrefix.html",
     "bd2da74ebd9592bf"],
    ["/Users/alex/GitHub/Lean-QuantumInfo/.lake/build/doc/Batteries/Tactic/SeqFocus.html",
     "45adc8598da33cdf"],
    ["/Users/alex/GitHub/Lean-QuantumInfo/.lake/build/doc/Batteries/Tactic/ShowUnused.html",
     "961944e6b62529a8"],
    ["/Users/alex/GitHub/Lean-QuantumInfo/.lake/build/doc/Batteries/Tactic/SqueezeScope.html",
     "bcb911fdf1dc0c3d"],
    ["/Users/alex/GitHub/Lean-QuantumInfo/.lake/build/doc/Batteries/Tactic/Trans.html",
     "d45eace5d7614b96"],
    ["/Users/alex/GitHub/Lean-QuantumInfo/.lake/build/doc/Batteries/Tactic/Unreachable.html",
     "7cfc2f980159145a"],
    ["/Users/alex/GitHub/Lean-QuantumInfo/.lake/build/doc/Batteries/Util/Cache.html",
     "a63abaf5b37d4eb2"],
    ["/Users/alex/GitHub/Lean-QuantumInfo/.lake/build/doc/Batteries/Util/ExtendedBinder.html",
     "2e43ab0feafeba49"],
    ["/Users/alex/GitHub/Lean-QuantumInfo/.lake/build/doc/Batteries/Util/LibraryNote.html",
     "39a63078bef7996a"],
    ["/Users/alex/GitHub/Lean-QuantumInfo/.lake/build/doc/Batteries/Util/Panic.html",
     "ae24f442b2f03816"],
    ["/Users/alex/GitHub/Lean-QuantumInfo/.lake/build/doc/Batteries/Util/Pickle.html",
     "af00ea2eec9b17f3"],
    ["/Users/alex/GitHub/Lean-QuantumInfo/.lake/build/doc/Batteries/Util/ProofWanted.html",
     "9f95714511a36026"],
    ["/Users/alex/GitHub/Lean-QuantumInfo/.lake/build/doc/Batteries/WF.html",
     "459146b41ef770d2"]]],
  ["/Users/alex/GitHub/Lean-QuantumInfo/.lake/build/doc-data/references.json",
   "a50f2257f35adb49"],
  ["/Users/alex/GitHub/Lean-QuantumInfo/.lake/packages/doc-gen4/.lake/build/bin/doc-gen4",
   "5d9e9f734f3e234d"],
  ["Batteries:leanArts", "7fb43164124b4442"]],
 "depHash": "4ab9af7fbce8990b"}