{"synthetic": false,
 "schemaVersion": "2025-09-10",
 "outputs": null,
 "log":
 [{"message": "Documentation indexing", "level": "info"},
  {"message":
   ".> /Users/alex/GitHub/Lean-QuantumInfo/.lake/packages/doc-gen4/.lake/build/bin/doc-gen4 index --build /Users/alex/GitHub/Lean-QuantumInfo/.lake/build",
   "level": "trace"}],
 "inputs":
 [["/Users/alex/GitHub/Lean-QuantumInfo/.lake/packages/doc-gen4/.lake/build/bin/doc-gen4",
   "5d9e9f734f3e234d"],
  ["<nil>", "aca70617c477d636"],
  ["<collection>",
   [["/Users/alex/GitHub/Lean-QuantumInfo/.lake/build/doc/QuantumInfo/ForMathlib/ContinuousLinearMap.html",
     "f0367b5c00a2d1bf"],
    ["/Users/alex/GitHub/Lean-QuantumInfo/.lake/build/doc/QuantumInfo/ForMathlib/ContinuousSup.html",
     "46d6ec4e1075bde8"],
    ["/Users/alex/GitHub/Lean-QuantumInfo/.lake/build/doc/QuantumInfo/ForMathlib/Filter.html",
     "6343f95466fc66a3"],
    ["/Users/alex/GitHub/Lean-QuantumInfo/.lake/build/doc/QuantumInfo/ForMathlib/Matrix.html",
     "f32007c598f3d7ca"],
    ["/Users/alex/GitHub/Lean-QuantumInfo/.lake/build/doc/QuantumInfo/ForMathlib/IsMaximalSelfAdjoint.html",
     "b0a5c362c006aba9"],
    ["/Users/alex/GitHub/Lean-QuantumInfo/.lake/build/doc/QuantumInfo/ForMathlib/HermitianMat/Basic.html",
     "90e4a8cd678253d6"],
    ["/Users/alex/GitHub/Lean-QuantumInfo/.lake/build/doc/QuantumInfo/ForMathlib/LinearEquiv.html",
     "44815e405ae36560"],
    ["/Users/alex/GitHub/Lean-QuantumInfo/.lake/build/doc/QuantumInfo/ForMathlib/HermitianMat/Reindex.html",
     "e15127395350fcdc"],
    ["/Users/alex/GitHub/Lean-QuantumInfo/.lake/build/doc/QuantumInfo/ForMathlib/HermitianMat/Trace.html",
     "f17e5a275189868d"],
    ["/Users/alex/GitHub/Lean-QuantumInfo/.lake/build/doc/QuantumInfo/ForMathlib/HermitianMat/Order.html",
     "e7dde60f864be84a"],
    ["/Users/alex/GitHub/Lean-QuantumInfo/.lake/build/doc/QuantumInfo/ForMathlib/HermitianMat/Inner.html",
     "1b56c6ce4c2235d3"],
    ["/Users/alex/GitHub/Lean-QuantumInfo/.lake/build/doc/QuantumInfo/ForMathlib/Isometry.html",
     "d75e638e4bb3b59d"],
    ["/Users/alex/GitHub/Lean-QuantumInfo/.lake/build/doc/QuantumInfo/ForMathlib/HermitianMat/CFC.html",
     "037bb82c7a888df2"],
    ["/Users/alex/GitHub/Lean-QuantumInfo/.lake/build/doc/QuantumInfo/ForMathlib/HermitianMat/Log.html",
     "3cb6c199d7939cd6"],
    ["/Users/alex/GitHub/Lean-QuantumInfo/.lake/build/doc/QuantumInfo/ForMathlib/HermitianMat/Proj.html",
     "a48ab35d407065e1"],
    ["/Users/alex/GitHub/Lean-QuantumInfo/.lake/build/doc/QuantumInfo/ForMathlib/HermitianMat.html",
     "60894b3154e3b4b7"],
    ["/Users/alex/GitHub/Lean-QuantumInfo/.lake/build/doc/QuantumInfo/ForMathlib/MatrixNorm/TraceNorm.html",
     "10ab72fb30dbc209"],
    ["/Users/alex/GitHub/Lean-QuantumInfo/.lake/build/doc/QuantumInfo/ForMathlib/SionMinimax.html",
     "1c841f6180e881aa"],
    ["/Users/alex/GitHub/Lean-QuantumInfo/.lake/build/doc/QuantumInfo/ForMathlib/Minimax.html",
     "7b9c9129a381c2c7"],
    ["/Users/alex/GitHub/Lean-QuantumInfo/.lake/build/doc/QuantumInfo/ForMathlib/Misc.html",
     "02bf30e4118a1f4a"],
    ["/Users/alex/GitHub/Lean-QuantumInfo/.lake/build/doc/QuantumInfo/ForMathlib/Unitary.html",
     "2855b7c955916695"],
    ["/Users/alex/GitHub/Lean-QuantumInfo/.lake/build/doc/QuantumInfo/ForMathlib.html",
     "5efad9623ad9ebc7"],
    ["/Users/alex/GitHub/Lean-QuantumInfo/.lake/build/doc/QuantumInfo/Finite/Braket.html",
     "a362e8bdc61aba9b"],
    ["/Users/alex/GitHub/Lean-QuantumInfo/.lake/build/doc/QuantumInfo/Finite/MState.html",
     "443953c94c4b8b4a"],
    ["/Users/alex/GitHub/Lean-QuantumInfo/.lake/build/doc/QuantumInfo/Finite/CPTPMap/MatrixMap.html",
     "0b51168d0b29db06"],
    ["/Users/alex/GitHub/Lean-QuantumInfo/.lake/build/doc/QuantumInfo/Finite/CPTPMap/Unbundled.html",
     "2c6bbdd9ebd4c1dc"],
    ["/Users/alex/GitHub/Lean-QuantumInfo/.lake/build/doc/QuantumInfo/Finite/CPTPMap/Bundled.html",
     "fa91c412970e89ab"],
    ["/Users/alex/GitHub/Lean-QuantumInfo/.lake/build/doc/QuantumInfo/Finite/Unitary.html",
     "5f64fb2221e51ed3"],
    ["/Users/alex/GitHub/Lean-QuantumInfo/.lake/build/doc/QuantumInfo/Finite/CPTPMap/CPTP.html",
     "54236d43961b2e1e"],
    ["/Users/alex/GitHub/Lean-QuantumInfo/.lake/build/doc/QuantumInfo/Finite/CPTPMap/Dual.html",
     "8c810b6a5403e040"],
    ["/Users/alex/GitHub/Lean-QuantumInfo/.lake/build/doc/QuantumInfo/Finite/CPTPMap.html",
     "1528e0fdaacad887"],
    ["/Users/alex/GitHub/Lean-QuantumInfo/.lake/build/doc/QuantumInfo/Finite/Channel/DegradableOrder.html",
     "e0accb31d8b2acd0"],
    ["/Users/alex/GitHub/Lean-QuantumInfo/.lake/build/doc/QuantumInfo/Finite/Distance/Fidelity.html",
     "10165a2415e83cec"],
    ["/Users/alex/GitHub/Lean-QuantumInfo/.lake/build/doc/QuantumInfo/Finite/Distance/TraceDistance.html",
     "7a05ab8337b550e0"],
    ["/Users/alex/GitHub/Lean-QuantumInfo/.lake/build/doc/QuantumInfo/Finite/Distance.html",
     "7009fb701a093cdf"],
    ["/Users/alex/GitHub/Lean-QuantumInfo/.lake/build/doc/QuantumInfo/Finite/Qubit/Basic.html",
     "f84b99c128890d7d"],
    ["/Users/alex/GitHub/Lean-QuantumInfo/.lake/build/doc/QuantumInfo/Finite/Entropy.html",
     "bd770ba71c71014b"],
    ["/Users/alex/GitHub/Lean-QuantumInfo/.lake/build/doc/QuantumInfo/Finite/ResourceTheory/FreeState.html",
     "40b3f7f20e613519"],
    ["/Users/alex/GitHub/Lean-QuantumInfo/.lake/build/doc/QuantumInfo/Finite/POVM.html",
     "0b1c536070991d42"],
    ["/Users/alex/GitHub/Lean-QuantumInfo/.lake/build/doc/QuantumInfo/Finite/ResourceTheory/HypothesisTesting.html",
     "a8e36067385b6900"],
    ["/Users/alex/GitHub/Lean-QuantumInfo/.lake/build/doc/QuantumInfo/Finite/Pinching.html",
     "f4c0c40c5faefd45"],
    ["/Users/alex/GitHub/Lean-QuantumInfo/.lake/build/doc/QuantumInfo/Finite/ResourceTheory/SteinsLemma.html",
     "5a85a2835989bd12"],
    ["/Users/alex/GitHub/Lean-QuantumInfo/.lake/build/doc/QuantumInfo/Finite/Capacity.html",
     "b8b72bd52b8cf001"],
    ["/Users/alex/GitHub/Lean-QuantumInfo/.lake/build/doc/QuantumInfo/Finite/Ensemble.html",
     "7560c7b35b567739"],
    ["/Users/alex/GitHub/Lean-QuantumInfo/.lake/build/doc/QuantumInfo/Finite/Entanglement.html",
     "3ddc2163c8c82440"],
    ["/Users/alex/GitHub/Lean-QuantumInfo/.lake/build/doc/QuantumInfo/Finite/Capacity_doc.html",
     "8ba98dea41609674"],
    ["/Users/alex/GitHub/Lean-QuantumInfo/.lake/build/doc/QuantumInfo.html",
     "7e21cd35c7efe3b7"]]]],
 "depHash": "1f2e7e0b1b1f9a27"}