{"synthetic": false,
 "schemaVersion": "2025-09-10",
 "outputs": null,
 "log":
 [{"message":
   ".> ELAN=elan ELAN_HOME=/Users/alex/.elan ELAN_TOOLCHAIN=leanprover/lean4:v4.25.0-rc2 LAKE=/Users/alex/.elan/toolchains/leanprover--lean4---v4.25.0-rc2/bin/lake LAKE_HOME=/Users/alex/.elan/toolchains/leanprover--lean4---v4.25.0-rc2 LAKE_PKG_URL_MAP={} LAKE_NO_CACHE=false LAKE_ARTIFACT_CACHE=false LAKE_CACHE_KEY= LAKE_CACHE_ARTIFACT_ENDPOINT= LAKE_CACHE_REVISION_ENDPOINT= LEAN=/Users/alex/.elan/toolchains/leanprover--lean4---v4.25.0-rc2/bin/lean LEAN_SYSROOT=/Users/alex/.elan/toolchains/leanprover--lean4---v4.25.0-rc2 LEAN_AR=/Users/alex/.elan/toolchains/leanprover--lean4---v4.25.0-rc2/bin/llvm-ar LEAN_CC= LAKE_CACHE_DIR=/Users/alex/.elan/toolchains/leanprover--lean4---v4.25.0-rc2/lake/cache LEAN_PATH=/Users/alex/GitHub/Lean-QuantumInfo/.lake/packages/batteries/.lake/build/lib/lean:/Users/alex/GitHub/Lean-QuantumInfo/.lake/packages/Qq/.lake/build/lib/lean:/Users/alex/GitHub/Lean-QuantumInfo/.lake/packages/aesop/.lake/build/lib/lean:/Users/alex/GitHub/Lean-QuantumInfo/.lake/packages/proofwidgets/.lake/build/lib/lean:/Users/alex/GitHub/Lean-QuantumInfo/.lake/packages/importGraph/.lake/build/lib/lean:/Users/alex/GitHub/Lean-QuantumInfo/.lake/packages/LeanSearchClient/.lake/build/lib/lean:/Users/alex/GitHub/Lean-QuantumInfo/.lake/packages/plausible/.lake/build/lib/lean:/Users/alex/GitHub/Lean-QuantumInfo/.lake/packages/MD4Lean/.lake/build/lib/lean:/Users/alex/GitHub/Lean-QuantumInfo/.lake/packages/BibtexQuery/.lake/build/lib/lean:/Users/alex/GitHub/Lean-QuantumInfo/.lake/packages/UnicodeBasic/.lake/build/lib/lean:/Users/alex/GitHub/Lean-QuantumInfo/.lake/packages/Cli/.lake/build/lib/lean:/Users/alex/GitHub/Lean-QuantumInfo/.lake/packages/mathlib/.lake/build/lib/lean:/Users/alex/GitHub/Lean-QuantumInfo/.lake/packages/doc-gen4/.lake/build/lib/lean:/Users/alex/GitHub/Lean-QuantumInfo/.lake/build/lib/lean:/Users/alex/.elan/toolchains/leanprover--lean4---v4.25.0-rc2/lib/lean LEAN_SRC_PATH=/Users/alex/GitHub/Lean-QuantumInfo/.lake/packages/batteries:/Users/alex/GitHub/Lean-QuantumInfo/.lake/packages/batteries:/Users/alex/GitHub/Lean-QuantumInfo/.lake/packages/Qq:/Users/alex/GitHub/Lean-QuantumInfo/.lake/packages/Qq:/Users/alex/GitHub/Lean-QuantumInfo/.lake/packages/aesop:/Users/alex/GitHub/Lean-QuantumInfo/.lake/packages/aesop:/Users/alex/GitHub/Lean-QuantumInfo/.lake/packages/proofwidgets:/Users/alex/GitHub/Lean-QuantumInfo/.lake/packages/proofwidgets:/Users/alex/GitHub/Lean-QuantumInfo/.lake/packages/importGraph:/Users/alex/GitHub/Lean-QuantumInfo/.lake/packages/importGraph:/Users/alex/GitHub/Lean-QuantumInfo/.lake/packages/LeanSearchClient:/Users/alex/GitHub/Lean-QuantumInfo/.lake/packages/LeanSearchClient:/Users/alex/GitHub/Lean-QuantumInfo/.lake/packages/plausible:/Users/alex/GitHub/Lean-QuantumInfo/.lake/packages/plausible:/Users/alex/GitHub/Lean-QuantumInfo/.lake/packages/MD4Lean:/Users/alex/GitHub/Lean-QuantumInfo/.lake/packages/MD4Lean:/Users/alex/GitHub/Lean-QuantumInfo/.lake/packages/BibtexQuery:/Users/alex/GitHub/Lean-QuantumInfo/.lake/packages/UnicodeBasic:/Users/alex/GitHub/Lean-QuantumInfo/.lake/packages/UnicodeBasic:/Users/alex/GitHub/Lean-QuantumInfo/.lake/packages/Cli:/Users/alex/GitHub/Lean-QuantumInfo/.lake/packages/Cli:/Users/alex/GitHub/Lean-QuantumInfo/.lake/packages/mathlib:/Users/alex/GitHub/Lean-QuantumInfo/.lake/packages/mathlib:/Users/alex/GitHub/Lean-QuantumInfo/.lake/packages/mathlib:/Users/alex/GitHub/Lean-QuantumInfo/.lake/packages/mathlib:/Users/alex/GitHub/Lean-QuantumInfo/.lake/packages/mathlib:/Users/alex/GitHub/Lean-QuantumInfo/.lake/packages/mathlib:/Users/alex/GitHub/Lean-QuantumInfo/.lake/packages/mathlib:/Users/alex/GitHub/Lean-QuantumInfo/.lake/packages/doc-gen4:/Users/alex/GitHub/Lean-QuantumInfo:/Users/alex/GitHub/Lean-QuantumInfo:/Users/alex/GitHub/Lean-QuantumInfo:/Users/alex/.elan/toolchains/leanprover--lean4---v4.25.0-rc2/src/lean/lake LEAN_GITHASH=744f98064b056ee27fc8c97f524797c8cc96f436 PATH DYLD_LIBRARY_PATH=/Users/alex/.elan/toolchains/leanprover--lean4---v4.25.0-rc2/lib/lean:/Users/alex/.elan/toolchains/leanprover--lean4---v4.25.0-rc2/lib:/Users/alex/GitHub/Lean-QuantumInfo/.lake/build/lib:/Users/alex/GitHub/Lean-QuantumInfo/.lake/packages/doc-gen4/.lake/build/lib:/Users/alex/GitHub/Lean-QuantumInfo/.lake/packages/mathlib/.lake/build/lib:/Users/alex/GitHub/Lean-QuantumInfo/.lake/packages/Cli/.lake/build/lib:/Users/alex/GitHub/Lean-QuantumInfo/.lake/packages/UnicodeBasic/.lake/build/lib:/Users/alex/GitHub/Lean-QuantumInfo/.lake/packages/BibtexQuery/.lake/build/lib:/Users/alex/GitHub/Lean-QuantumInfo/.lake/packages/MD4Lean/.lake/build/lib:/Users/alex/GitHub/Lean-QuantumInfo/.lake/packages/plausible/.lake/build/lib:/Users/alex/GitHub/Lean-QuantumInfo/.lake/packages/LeanSearchClient/.lake/build/lib:/Users/alex/GitHub/Lean-QuantumInfo/.lake/packages/importGraph/.lake/build/lib:/Users/alex/GitHub/Lean-QuantumInfo/.lake/packages/proofwidgets/.lake/build/lib:/Users/alex/GitHub/Lean-QuantumInfo/.lake/packages/aesop/.lake/build/lib:/Users/alex/GitHub/Lean-QuantumInfo/.lake/packages/Qq/.lake/build/lib:/Users/alex/GitHub/Lean-QuantumInfo/.lake/packages/batteries/.lake/build/lib /Users/alex/GitHub/Lean-QuantumInfo/.lake/packages/doc-gen4/.lake/build/bin/doc-gen4 single --build /Users/alex/GitHub/Lean-QuantumInfo/.lake/build Mathlib.Geometry.Euclidean.Incenter https://github.com/leanprover-community/mathlib4/blob/d9d1cc1012eccfc8d01215b1b7943b0e7f8b7757/Mathlib/Geometry/Euclidean/Incenter.lean",
   "level": "trace"}],
 "inputs":
 [["<collection>",
   [["/Users/alex/GitHub/Lean-QuantumInfo/.lake/build/doc/Mathlib/Geometry/Euclidean/Altitude.html",
     "92ef445980cbc8a9"],
    ["/Users/alex/GitHub/Lean-QuantumInfo/.lake/build/doc/Mathlib/Geometry/Euclidean/SignedDist.html",
     "294c46fc4f0b0bd5"],
    ["/Users/alex/GitHub/Lean-QuantumInfo/.lake/build/doc/Mathlib/Geometry/Euclidean/Sphere/Tangent.html",
     "9e3173ee3666f6f2"],
    ["/Users/alex/GitHub/Lean-QuantumInfo/.lake/build/doc/Mathlib/Tactic/Positivity/Finset.html",
     "0f861237e4452b84"],
    ["/Users/alex/GitHub/Lean-QuantumInfo/.lake/build/doc/Mathlib/Topology/Instances/Sign.html",
     "0f9a8d08de2f929c"]]],
  ["/Users/alex/GitHub/Lean-QuantumInfo/.lake/build/doc-data/references.json",
   "a50f2257f35adb49"],
  ["/Users/alex/GitHub/Lean-QuantumInfo/.lake/packages/doc-gen4/.lake/build/bin/doc-gen4",
   "5d9e9f734f3e234d"],
  ["Mathlib.Geometry.Euclidean.Incenter:leanArts", "a9e723e66ecf2824"]],
 "depHash": "4597d26c7c6cd873"}