{"synthetic": false,
 "schemaVersion": "2025-09-10",
 "outputs": null,
 "log":
 [{"message":
   ".> ELAN=elan ELAN_HOME=/Users/alex/.elan ELAN_TOOLCHAIN=leanprover/lean4:v4.25.0-rc2 LAKE=/Users/alex/.elan/toolchains/leanprover--lean4---v4.25.0-rc2/bin/lake LAKE_HOME=/Users/alex/.elan/toolchains/leanprover--lean4---v4.25.0-rc2 LAKE_PKG_URL_MAP={} LAKE_NO_CACHE=false LAKE_ARTIFACT_CACHE=false LAKE_CACHE_KEY= LAKE_CACHE_ARTIFACT_ENDPOINT= LAKE_CACHE_REVISION_ENDPOINT= LEAN=/Users/alex/.elan/toolchains/leanprover--lean4---v4.25.0-rc2/bin/lean LEAN_SYSROOT=/Users/alex/.elan/toolchains/leanprover--lean4---v4.25.0-rc2 LEAN_AR=/Users/alex/.elan/toolchains/leanprover--lean4---v4.25.0-rc2/bin/llvm-ar LEAN_CC= LAKE_CACHE_DIR=/Users/alex/.elan/toolchains/leanprover--lean4---v4.25.0-rc2/lake/cache LEAN_PATH=/Users/alex/GitHub/Lean-QuantumInfo/.lake/packages/batteries/.lake/build/lib/lean:/Users/alex/GitHub/Lean-QuantumInfo/.lake/packages/Qq/.lake/build/lib/lean:/Users/alex/GitHub/Lean-QuantumInfo/.lake/packages/aesop/.lake/build/lib/lean:/Users/alex/GitHub/Lean-QuantumInfo/.lake/packages/proofwidgets/.lake/build/lib/lean:/Users/alex/GitHub/Lean-QuantumInfo/.lake/packages/importGraph/.lake/build/lib/lean:/Users/alex/GitHub/Lean-QuantumInfo/.lake/packages/LeanSearchClient/.lake/build/lib/lean:/Users/alex/GitHub/Lean-QuantumInfo/.lake/packages/plausible/.lake/build/lib/lean:/Users/alex/GitHub/Lean-QuantumInfo/.lake/packages/MD4Lean/.lake/build/lib/lean:/Users/alex/GitHub/Lean-QuantumInfo/.lake/packages/BibtexQuery/.lake/build/lib/lean:/Users/alex/GitHub/Lean-QuantumInfo/.lake/packages/UnicodeBasic/.lake/build/lib/lean:/Users/alex/GitHub/Lean-QuantumInfo/.lake/packages/Cli/.lake/build/lib/lean:/Users/alex/GitHub/Lean-QuantumInfo/.lake/packages/mathlib/.lake/build/lib/lean:/Users/alex/GitHub/Lean-QuantumInfo/.lake/packages/doc-gen4/.lake/build/lib/lean:/Users/alex/GitHub/Lean-QuantumInfo/.lake/build/lib/lean:/Users/alex/.elan/toolchains/leanprover--lean4---v4.25.0-rc2/lib/lean LEAN_SRC_PATH=/Users/alex/GitHub/Lean-QuantumInfo/.lake/packages/batteries:/Users/alex/GitHub/Lean-QuantumInfo/.lake/packages/batteries:/Users/alex/GitHub/Lean-QuantumInfo/.lake/packages/Qq:/Users/alex/GitHub/Lean-QuantumInfo/.lake/packages/Qq:/Users/alex/GitHub/Lean-QuantumInfo/.lake/packages/aesop:/Users/alex/GitHub/Lean-QuantumInfo/.lake/packages/aesop:/Users/alex/GitHub/Lean-QuantumInfo/.lake/packages/proofwidgets:/Users/alex/GitHub/Lean-QuantumInfo/.lake/packages/proofwidgets:/Users/alex/GitHub/Lean-QuantumInfo/.lake/packages/importGraph:/Users/alex/GitHub/Lean-QuantumInfo/.lake/packages/importGraph:/Users/alex/GitHub/Lean-QuantumInfo/.lake/packages/LeanSearchClient:/Users/alex/GitHub/Lean-QuantumInfo/.lake/packages/LeanSearchClient:/Users/alex/GitHub/Lean-QuantumInfo/.lake/packages/plausible:/Users/alex/GitHub/Lean-QuantumInfo/.lake/packages/plausible:/Users/alex/GitHub/Lean-QuantumInfo/.lake/packages/MD4Lean:/Users/alex/GitHub/Lean-QuantumInfo/.lake/packages/MD4Lean:/Users/alex/GitHub/Lean-QuantumInfo/.lake/packages/BibtexQuery:/Users/alex/GitHub/Lean-QuantumInfo/.lake/packages/UnicodeBasic:/Users/alex/GitHub/Lean-QuantumInfo/.lake/packages/UnicodeBasic:/Users/alex/GitHub/Lean-QuantumInfo/.lake/packages/Cli:/Users/alex/GitHub/Lean-QuantumInfo/.lake/packages/Cli:/Users/alex/GitHub/Lean-QuantumInfo/.lake/packages/mathlib:/Users/alex/GitHub/Lean-QuantumInfo/.lake/packages/mathlib:/Users/alex/GitHub/Lean-QuantumInfo/.lake/packages/mathlib:/Users/alex/GitHub/Lean-QuantumInfo/.lake/packages/mathlib:/Users/alex/GitHub/Lean-QuantumInfo/.lake/packages/mathlib:/Users/alex/GitHub/Lean-QuantumInfo/.lake/packages/mathlib:/Users/alex/GitHub/Lean-QuantumInfo/.lake/packages/mathlib:/Users/alex/GitHub/Lean-QuantumInfo/.lake/packages/doc-gen4:/Users/alex/GitHub/Lean-QuantumInfo:/Users/alex/GitHub/Lean-QuantumInfo:/Users/alex/GitHub/Lean-QuantumInfo:/Users/alex/.elan/toolchains/leanprover--lean4---v4.25.0-rc2/src/lean/lake LEAN_GITHASH=744f98064b056ee27fc8c97f524797c8cc96f436 PATH DYLD_LIBRARY_PATH=/Users/alex/.elan/toolchains/leanprover--lean4---v4.25.0-rc2/lib/lean:/Users/alex/.elan/toolchains/leanprover--lean4---v4.25.0-rc2/lib:/Users/alex/GitHub/Lean-QuantumInfo/.lake/build/lib:/Users/alex/GitHub/Lean-QuantumInfo/.lake/packages/doc-gen4/.lake/build/lib:/Users/alex/GitHub/Lean-QuantumInfo/.lake/packages/mathlib/.lake/build/lib:/Users/alex/GitHub/Lean-QuantumInfo/.lake/packages/Cli/.lake/build/lib:/Users/alex/GitHub/Lean-QuantumInfo/.lake/packages/UnicodeBasic/.lake/build/lib:/Users/alex/GitHub/Lean-QuantumInfo/.lake/packages/BibtexQuery/.lake/build/lib:/Users/alex/GitHub/Lean-QuantumInfo/.lake/packages/MD4Lean/.lake/build/lib:/Users/alex/GitHub/Lean-QuantumInfo/.lake/packages/plausible/.lake/build/lib:/Users/alex/GitHub/Lean-QuantumInfo/.lake/packages/LeanSearchClient/.lake/build/lib:/Users/alex/GitHub/Lean-QuantumInfo/.lake/packages/importGraph/.lake/build/lib:/Users/alex/GitHub/Lean-QuantumInfo/.lake/packages/proofwidgets/.lake/build/lib:/Users/alex/GitHub/Lean-QuantumInfo/.lake/packages/aesop/.lake/build/lib:/Users/alex/GitHub/Lean-QuantumInfo/.lake/packages/Qq/.lake/build/lib:/Users/alex/GitHub/Lean-QuantumInfo/.lake/packages/batteries/.lake/build/lib /Users/alex/GitHub/Lean-QuantumInfo/.lake/packages/doc-gen4/.lake/build/bin/doc-gen4 single --build /Users/alex/GitHub/Lean-QuantumInfo/.lake/build Mathlib.Algebra.ContinuedFractions.Computation.Approximations https://github.com/leanprover-community/mathlib4/blob/d9d1cc1012eccfc8d01215b1b7943b0e7f8b7757/Mathlib/Algebra/ContinuedFractions/Computation/Approximations.lean",
   "level": "trace"}],
 "inputs":
 [["<collection>",
   [["/Users/alex/GitHub/Lean-QuantumInfo/.lake/build/doc/Mathlib/Algebra/ContinuedFractions/Determinant.html",
     "0a6906650a05c350"],
    ["/Users/alex/GitHub/Lean-QuantumInfo/.lake/build/doc/Mathlib/Algebra/ContinuedFractions/Computation/CorrectnessTerminating.html",
     "5fa691b8ac6c0bdc"],
    ["/Users/alex/GitHub/Lean-QuantumInfo/.lake/build/doc/Mathlib/Algebra/Order/Ring/Basic.html",
     "4fd244fa02a9a81e"],
    ["/Users/alex/GitHub/Lean-QuantumInfo/.lake/build/doc/Mathlib/Data/Nat/Fib/Basic.html",
     "d5025e73c2cb7b7c"],
    ["/Users/alex/GitHub/Lean-QuantumInfo/.lake/build/doc/Mathlib/Tactic/Monotonicity.html",
     "e62f625e2f5f0a16"],
    ["/Users/alex/GitHub/Lean-QuantumInfo/.lake/build/doc/Mathlib/Tactic/GCongr.html",
     "28403aa970c13930"]]],
  ["/Users/alex/GitHub/Lean-QuantumInfo/.lake/build/doc-data/references.json",
   "a50f2257f35adb49"],
  ["/Users/alex/GitHub/Lean-QuantumInfo/.lake/packages/doc-gen4/.lake/build/bin/doc-gen4",
   "5d9e9f734f3e234d"],
  ["Mathlib.Algebra.ContinuedFractions.Computation.Approximations:leanArts",
   "54da5b0cf72ffd5e"]],
 "depHash": "101b4138bb7c4d5a"}