{"synthetic": false,
 "schemaVersion": "2025-09-10",
 "outputs": null,
 "log":
 [{"message":
   ".> ELAN=elan ELAN_HOME=/Users/alex/.elan ELAN_TOOLCHAIN=leanprover/lean4:v4.25.0-rc2 LAKE=/Users/alex/.elan/toolchains/leanprover--lean4---v4.25.0-rc2/bin/lake LAKE_HOME=/Users/alex/.elan/toolchains/leanprover--lean4---v4.25.0-rc2 LAKE_PKG_URL_MAP={} LAKE_NO_CACHE=false LAKE_ARTIFACT_CACHE=false LAKE_CACHE_KEY= LAKE_CACHE_ARTIFACT_ENDPOINT= LAKE_CACHE_REVISION_ENDPOINT= LEAN=/Users/alex/.elan/toolchains/leanprover--lean4---v4.25.0-rc2/bin/lean LEAN_SYSROOT=/Users/alex/.elan/toolchains/leanprover--lean4---v4.25.0-rc2 LEAN_AR=/Users/alex/.elan/toolchains/leanprover--lean4---v4.25.0-rc2/bin/llvm-ar LEAN_CC= LAKE_CACHE_DIR=/Users/alex/.elan/toolchains/leanprover--lean4---v4.25.0-rc2/lake/cache LEAN_PATH=/Users/alex/GitHub/Lean-QuantumInfo/.lake/packages/batteries/.lake/build/lib/lean:/Users/alex/GitHub/Lean-QuantumInfo/.lake/packages/Qq/.lake/build/lib/lean:/Users/alex/GitHub/Lean-QuantumInfo/.lake/packages/aesop/.lake/build/lib/lean:/Users/alex/GitHub/Lean-QuantumInfo/.lake/packages/proofwidgets/.lake/build/lib/lean:/Users/alex/GitHub/Lean-QuantumInfo/.lake/packages/importGraph/.lake/build/lib/lean:/Users/alex/GitHub/Lean-QuantumInfo/.lake/packages/LeanSearchClient/.lake/build/lib/lean:/Users/alex/GitHub/Lean-QuantumInfo/.lake/packages/plausible/.lake/build/lib/lean:/Users/alex/GitHub/Lean-QuantumInfo/.lake/packages/MD4Lean/.lake/build/lib/lean:/Users/alex/GitHub/Lean-QuantumInfo/.lake/packages/BibtexQuery/.lake/build/lib/lean:/Users/alex/GitHub/Lean-QuantumInfo/.lake/packages/UnicodeBasic/.lake/build/lib/lean:/Users/alex/GitHub/Lean-QuantumInfo/.lake/packages/Cli/.lake/build/lib/lean:/Users/alex/GitHub/Lean-QuantumInfo/.lake/packages/mathlib/.lake/build/lib/lean:/Users/alex/GitHub/Lean-QuantumInfo/.lake/packages/doc-gen4/.lake/build/lib/lean:/Users/alex/GitHub/Lean-QuantumInfo/.lake/build/lib/lean:/Users/alex/.elan/toolchains/leanprover--lean4---v4.25.0-rc2/lib/lean LEAN_SRC_PATH=/Users/alex/GitHub/Lean-QuantumInfo/.lake/packages/batteries:/Users/alex/GitHub/Lean-QuantumInfo/.lake/packages/batteries:/Users/alex/GitHub/Lean-QuantumInfo/.lake/packages/Qq:/Users/alex/GitHub/Lean-QuantumInfo/.lake/packages/Qq:/Users/alex/GitHub/Lean-QuantumInfo/.lake/packages/aesop:/Users/alex/GitHub/Lean-QuantumInfo/.lake/packages/aesop:/Users/alex/GitHub/Lean-QuantumInfo/.lake/packages/proofwidgets:/Users/alex/GitHub/Lean-QuantumInfo/.lake/packages/proofwidgets:/Users/alex/GitHub/Lean-QuantumInfo/.lake/packages/importGraph:/Users/alex/GitHub/Lean-QuantumInfo/.lake/packages/importGraph:/Users/alex/GitHub/Lean-QuantumInfo/.lake/packages/LeanSearchClient:/Users/alex/GitHub/Lean-QuantumInfo/.lake/packages/LeanSearchClient:/Users/alex/GitHub/Lean-QuantumInfo/.lake/packages/plausible:/Users/alex/GitHub/Lean-QuantumInfo/.lake/packages/plausible:/Users/alex/GitHub/Lean-QuantumInfo/.lake/packages/MD4Lean:/Users/alex/GitHub/Lean-QuantumInfo/.lake/packages/MD4Lean:/Users/alex/GitHub/Lean-QuantumInfo/.lake/packages/BibtexQuery:/Users/alex/GitHub/Lean-QuantumInfo/.lake/packages/UnicodeBasic:/Users/alex/GitHub/Lean-QuantumInfo/.lake/packages/UnicodeBasic:/Users/alex/GitHub/Lean-QuantumInfo/.lake/packages/Cli:/Users/alex/GitHub/Lean-QuantumInfo/.lake/packages/Cli:/Users/alex/GitHub/Lean-QuantumInfo/.lake/packages/mathlib:/Users/alex/GitHub/Lean-QuantumInfo/.lake/packages/mathlib:/Users/alex/GitHub/Lean-QuantumInfo/.lake/packages/mathlib:/Users/alex/GitHub/Lean-QuantumInfo/.lake/packages/mathlib:/Users/alex/GitHub/Lean-QuantumInfo/.lake/packages/mathlib:/Users/alex/GitHub/Lean-QuantumInfo/.lake/packages/mathlib:/Users/alex/GitHub/Lean-QuantumInfo/.lake/packages/mathlib:/Users/alex/GitHub/Lean-QuantumInfo/.lake/packages/doc-gen4:/Users/alex/GitHub/Lean-QuantumInfo:/Users/alex/GitHub/Lean-QuantumInfo:/Users/alex/GitHub/Lean-QuantumInfo:/Users/alex/.elan/toolchains/leanprover--lean4---v4.25.0-rc2/src/lean/lake LEAN_GITHASH=744f98064b056ee27fc8c97f524797c8cc96f436 PATH DYLD_LIBRARY_PATH=/Users/alex/.elan/toolchains/leanprover--lean4---v4.25.0-rc2/lib/lean:/Users/alex/.elan/toolchains/leanprover--lean4---v4.25.0-rc2/lib:/Users/alex/GitHub/Lean-QuantumInfo/.lake/build/lib:/Users/alex/GitHub/Lean-QuantumInfo/.lake/packages/doc-gen4/.lake/build/lib:/Users/alex/GitHub/Lean-QuantumInfo/.lake/packages/mathlib/.lake/build/lib:/Users/alex/GitHub/Lean-QuantumInfo/.lake/packages/Cli/.lake/build/lib:/Users/alex/GitHub/Lean-QuantumInfo/.lake/packages/UnicodeBasic/.lake/build/lib:/Users/alex/GitHub/Lean-QuantumInfo/.lake/packages/BibtexQuery/.lake/build/lib:/Users/alex/GitHub/Lean-QuantumInfo/.lake/packages/MD4Lean/.lake/build/lib:/Users/alex/GitHub/Lean-QuantumInfo/.lake/packages/plausible/.lake/build/lib:/Users/alex/GitHub/Lean-QuantumInfo/.lake/packages/LeanSearchClient/.lake/build/lib:/Users/alex/GitHub/Lean-QuantumInfo/.lake/packages/importGraph/.lake/build/lib:/Users/alex/GitHub/Lean-QuantumInfo/.lake/packages/proofwidgets/.lake/build/lib:/Users/alex/GitHub/Lean-QuantumInfo/.lake/packages/aesop/.lake/build/lib:/Users/alex/GitHub/Lean-QuantumInfo/.lake/packages/Qq/.lake/build/lib:/Users/alex/GitHub/Lean-QuantumInfo/.lake/packages/batteries/.lake/build/lib /Users/alex/GitHub/Lean-QuantumInfo/.lake/packages/doc-gen4/.lake/build/bin/doc-gen4 single --build /Users/alex/GitHub/Lean-QuantumInfo/.lake/build Mathlib.Data.Ordmap.Invariants https://github.com/leanprover-community/mathlib4/blob/d9d1cc1012eccfc8d01215b1b7943b0e7f8b7757/Mathlib/Data/Ordmap/Invariants.lean",
   "level": "trace"}],
 "inputs":
 [["<collection>",
   [["/Users/alex/GitHub/Lean-QuantumInfo/.lake/build/doc/Mathlib/Algebra/Order/Ring/Nat.html",
     "32deb6ae2c471925"],
    ["/Users/alex/GitHub/Lean-QuantumInfo/.lake/build/doc/Mathlib/Data/Nat/Dist.html",
     "02e31db32c0c7547"],
    ["/Users/alex/GitHub/Lean-QuantumInfo/.lake/build/doc/Mathlib/Data/Ordmap/Ordnode.html",
     "9b5a7cea9baa5158"],
    ["/Users/alex/GitHub/Lean-QuantumInfo/.lake/build/doc/Mathlib/Tactic/Abel.html",
     "ecb1279a85004fee"]]],
  ["/Users/alex/GitHub/Lean-QuantumInfo/.lake/build/doc-data/references.json",
   "a50f2257f35adb49"],
  ["/Users/alex/GitHub/Lean-QuantumInfo/.lake/packages/doc-gen4/.lake/build/bin/doc-gen4",
   "5d9e9f734f3e234d"],
  ["Mathlib.Data.Ordmap.Invariants:leanArts", "06475ef201cd0d44"]],
 "depHash": "1be64c8ce5d81476"}