{"synthetic": false,
 "schemaVersion": "2025-09-10",
 "outputs": null,
 "log":
 [{"message":
   ".> ELAN=elan ELAN_HOME=/Users/alex/.elan ELAN_TOOLCHAIN=leanprover/lean4:v4.25.0-rc2 LAKE=/Users/alex/.elan/toolchains/leanprover--lean4---v4.25.0-rc2/bin/lake LAKE_HOME=/Users/alex/.elan/toolchains/leanprover--lean4---v4.25.0-rc2 LAKE_PKG_URL_MAP={} LAKE_NO_CACHE=false LAKE_ARTIFACT_CACHE=false LAKE_CACHE_KEY= LAKE_CACHE_ARTIFACT_ENDPOINT= LAKE_CACHE_REVISION_ENDPOINT= LEAN=/Users/alex/.elan/toolchains/leanprover--lean4---v4.25.0-rc2/bin/lean LEAN_SYSROOT=/Users/alex/.elan/toolchains/leanprover--lean4---v4.25.0-rc2 LEAN_AR=/Users/alex/.elan/toolchains/leanprover--lean4---v4.25.0-rc2/bin/llvm-ar LEAN_CC= LAKE_CACHE_DIR=/Users/alex/.elan/toolchains/leanprover--lean4---v4.25.0-rc2/lake/cache LEAN_PATH=/Users/alex/GitHub/Lean-QuantumInfo/.lake/packages/batteries/.lake/build/lib/lean:/Users/alex/GitHub/Lean-QuantumInfo/.lake/packages/Qq/.lake/build/lib/lean:/Users/alex/GitHub/Lean-QuantumInfo/.lake/packages/aesop/.lake/build/lib/lean:/Users/alex/GitHub/Lean-QuantumInfo/.lake/packages/proofwidgets/.lake/build/lib/lean:/Users/alex/GitHub/Lean-QuantumInfo/.lake/packages/importGraph/.lake/build/lib/lean:/Users/alex/GitHub/Lean-QuantumInfo/.lake/packages/LeanSearchClient/.lake/build/lib/lean:/Users/alex/GitHub/Lean-QuantumInfo/.lake/packages/plausible/.lake/build/lib/lean:/Users/alex/GitHub/Lean-QuantumInfo/.lake/packages/MD4Lean/.lake/build/lib/lean:/Users/alex/GitHub/Lean-QuantumInfo/.lake/packages/BibtexQuery/.lake/build/lib/lean:/Users/alex/GitHub/Lean-QuantumInfo/.lake/packages/UnicodeBasic/.lake/build/lib/lean:/Users/alex/GitHub/Lean-QuantumInfo/.lake/packages/Cli/.lake/build/lib/lean:/Users/alex/GitHub/Lean-QuantumInfo/.lake/packages/mathlib/.lake/build/lib/lean:/Users/alex/GitHub/Lean-QuantumInfo/.lake/packages/doc-gen4/.lake/build/lib/lean:/Users/alex/GitHub/Lean-QuantumInfo/.lake/build/lib/lean:/Users/alex/.elan/toolchains/leanprover--lean4---v4.25.0-rc2/lib/lean LEAN_SRC_PATH=/Users/alex/GitHub/Lean-QuantumInfo/.lake/packages/batteries:/Users/alex/GitHub/Lean-QuantumInfo/.lake/packages/batteries:/Users/alex/GitHub/Lean-QuantumInfo/.lake/packages/Qq:/Users/alex/GitHub/Lean-QuantumInfo/.lake/packages/Qq:/Users/alex/GitHub/Lean-QuantumInfo/.lake/packages/aesop:/Users/alex/GitHub/Lean-QuantumInfo/.lake/packages/aesop:/Users/alex/GitHub/Lean-QuantumInfo/.lake/packages/proofwidgets:/Users/alex/GitHub/Lean-QuantumInfo/.lake/packages/proofwidgets:/Users/alex/GitHub/Lean-QuantumInfo/.lake/packages/importGraph:/Users/alex/GitHub/Lean-QuantumInfo/.lake/packages/importGraph:/Users/alex/GitHub/Lean-QuantumInfo/.lake/packages/LeanSearchClient:/Users/alex/GitHub/Lean-QuantumInfo/.lake/packages/LeanSearchClient:/Users/alex/GitHub/Lean-QuantumInfo/.lake/packages/plausible:/Users/alex/GitHub/Lean-QuantumInfo/.lake/packages/plausible:/Users/alex/GitHub/Lean-QuantumInfo/.lake/packages/MD4Lean:/Users/alex/GitHub/Lean-QuantumInfo/.lake/packages/MD4Lean:/Users/alex/GitHub/Lean-QuantumInfo/.lake/packages/BibtexQuery:/Users/alex/GitHub/Lean-QuantumInfo/.lake/packages/UnicodeBasic:/Users/alex/GitHub/Lean-QuantumInfo/.lake/packages/UnicodeBasic:/Users/alex/GitHub/Lean-QuantumInfo/.lake/packages/Cli:/Users/alex/GitHub/Lean-QuantumInfo/.lake/packages/Cli:/Users/alex/GitHub/Lean-QuantumInfo/.lake/packages/mathlib:/Users/alex/GitHub/Lean-QuantumInfo/.lake/packages/mathlib:/Users/alex/GitHub/Lean-QuantumInfo/.lake/packages/mathlib:/Users/alex/GitHub/Lean-QuantumInfo/.lake/packages/mathlib:/Users/alex/GitHub/Lean-QuantumInfo/.lake/packages/mathlib:/Users/alex/GitHub/Lean-QuantumInfo/.lake/packages/mathlib:/Users/alex/GitHub/Lean-QuantumInfo/.lake/packages/mathlib:/Users/alex/GitHub/Lean-QuantumInfo/.lake/packages/doc-gen4:/Users/alex/GitHub/Lean-QuantumInfo:/Users/alex/GitHub/Lean-QuantumInfo:/Users/alex/GitHub/Lean-QuantumInfo:/Users/alex/.elan/toolchains/leanprover--lean4---v4.25.0-rc2/src/lean/lake LEAN_GITHASH=744f98064b056ee27fc8c97f524797c8cc96f436 PATH DYLD_LIBRARY_PATH=/Users/alex/.elan/toolchains/leanprover--lean4---v4.25.0-rc2/lib/lean:/Users/alex/.elan/toolchains/leanprover--lean4---v4.25.0-rc2/lib:/Users/alex/GitHub/Lean-QuantumInfo/.lake/build/lib:/Users/alex/GitHub/Lean-QuantumInfo/.lake/packages/doc-gen4/.lake/build/lib:/Users/alex/GitHub/Lean-QuantumInfo/.lake/packages/mathlib/.lake/build/lib:/Users/alex/GitHub/Lean-QuantumInfo/.lake/packages/Cli/.lake/build/lib:/Users/alex/GitHub/Lean-QuantumInfo/.lake/packages/UnicodeBasic/.lake/build/lib:/Users/alex/GitHub/Lean-QuantumInfo/.lake/packages/BibtexQuery/.lake/build/lib:/Users/alex/GitHub/Lean-QuantumInfo/.lake/packages/MD4Lean/.lake/build/lib:/Users/alex/GitHub/Lean-QuantumInfo/.lake/packages/plausible/.lake/build/lib:/Users/alex/GitHub/Lean-QuantumInfo/.lake/packages/LeanSearchClient/.lake/build/lib:/Users/alex/GitHub/Lean-QuantumInfo/.lake/packages/importGraph/.lake/build/lib:/Users/alex/GitHub/Lean-QuantumInfo/.lake/packages/proofwidgets/.lake/build/lib:/Users/alex/GitHub/Lean-QuantumInfo/.lake/packages/aesop/.lake/build/lib:/Users/alex/GitHub/Lean-QuantumInfo/.lake/packages/Qq/.lake/build/lib:/Users/alex/GitHub/Lean-QuantumInfo/.lake/packages/batteries/.lake/build/lib /Users/alex/GitHub/Lean-QuantumInfo/.lake/packages/doc-gen4/.lake/build/bin/doc-gen4 single --build /Users/alex/GitHub/Lean-QuantumInfo/.lake/build Mathlib.Algebra.Category.Grp.Colimits https://github.com/leanprover-community/mathlib4/blob/d9d1cc1012eccfc8d01215b1b7943b0e7f8b7757/Mathlib/Algebra/Category/Grp/Colimits.lean",
   "level": "trace"}],
 "inputs":
 [["<collection>",
   [["/Users/alex/GitHub/Lean-QuantumInfo/.lake/build/doc/Mathlib/Algebra/Category/Grp/Preadditive.html",
     "4e701e3903d98016"],
    ["/Users/alex/GitHub/Lean-QuantumInfo/.lake/build/doc/Mathlib/Algebra/Group/Shrink.html",
     "094ce86a6efd3e6f"],
    ["/Users/alex/GitHub/Lean-QuantumInfo/.lake/build/doc/Mathlib/CategoryTheory/ConcreteCategory/Elementwise.html",
     "47f9e781290da0d2"],
    ["/Users/alex/GitHub/Lean-QuantumInfo/.lake/build/doc/Mathlib/Data/DFinsupp/BigOperators.html",
     "0f19c824736bc71a"],
    ["/Users/alex/GitHub/Lean-QuantumInfo/.lake/build/doc/Mathlib/Data/DFinsupp/Small.html",
     "ffe8b5f9644c827c"],
    ["/Users/alex/GitHub/Lean-QuantumInfo/.lake/build/doc/Mathlib/GroupTheory/QuotientGroup/Defs.html",
     "83de815705f7bb73"]]],
  ["/Users/alex/GitHub/Lean-QuantumInfo/.lake/build/doc-data/references.json",
   "a50f2257f35adb49"],
  ["/Users/alex/GitHub/Lean-QuantumInfo/.lake/packages/doc-gen4/.lake/build/bin/doc-gen4",
   "5d9e9f734f3e234d"],
  ["Mathlib.Algebra.Category.Grp.Colimits:leanArts", "85017b09675aca55"]],
 "depHash": "0e4d744d7d2a7517"}